SF:lib/features/catalog/domain/entities/brand/brand.dart
DA:15,2
LF:1
LH:1
end_of_record
SF:lib/features/catalog/domain/entities/brand/brand.g.dart
DA:9,2
DA:10,1
DA:11,1
DA:13,2
DA:16,2
DA:17,1
DA:18,1
LF:7
LH:7
end_of_record
SF:lib/features/catalog/domain/entities/vendor/store.dart
DA:22,2
LF:1
LH:1
end_of_record
SF:lib/features/catalog/domain/entities/vendor/store.g.dart
DA:9,2
DA:10,1
DA:11,1
DA:12,1
DA:13,1
DA:14,1
DA:15,1
DA:16,1
DA:17,1
DA:18,1
DA:19,1
DA:20,1
DA:23,0
DA:24,0
DA:25,0
DA:26,0
DA:27,0
DA:28,0
DA:29,0
DA:30,0
DA:31,0
DA:32,0
DA:33,0
DA:34,0
LF:24
LH:12
end_of_record
